<!DOCTYPE html PUBLIC "-//W3C//DTD XHTML 1.1//EN" "http://www.w3.org/TR/xhtml11/DTD/xhtml11.dtd">
<html xmlns="http://www.w3.org/1999/xhtml">
<head>
<meta http-equiv="content-type" content="text/html; charset=UTF-8"/>
<title>TestNG Report</title>
<style type="text/css">table {margin-bottom:10px;border-collapse:collapse;empty-cells:show}th,td {border:1px solid #009;padding:.25em .5em}th {vertical-align:bottom}td {vertical-align:top}table a {font-weight:bold}.stripe td {background-color: #E6EBF9}.num {text-align:right}.passedodd td {background-color: #3F3}.passedeven td {background-color: #0A0}.skippedodd td {background-color: #DDD}.skippedeven td {background-color: #CCC}.failedodd td,.attn {background-color: #F33}.failedeven td,.stripe .attn {background-color: #D00}.stacktrace {white-space:pre;font-family:monospace}.totop {font-size:85%;text-align:center;border-bottom:2px solid #000}.invisible {display:none}</style>
</head>
<body>
<table>
<tr><th>Test</th><th># Passed</th><th># Skipped</th><th># Retried</th><th># Failed</th><th>Time (ms)</th><th>Included Groups</th><th>Excluded Groups</th></tr>
<tr><th colspan="8">free crm Application Test Automation Test Suite</th></tr>
<tr><td><a href="#t0">freecrm Application Testcases</a></td><td class="num">0</td><td class="num attn">6</td><td class="num">0</td><td class="num">0</td><td class="num">12,269</td><td></td><td></td></tr>
</table>
<table id='summary'><thead><tr><th>Class</th><th>Method</th><th>Start</th><th>Time (ms)</th></tr></thead><tbody><tr><th colspan="4">free crm Application Test Automation Test Suite</th></tr></tbody><tbody id="t0"><tr><th colspan="4">freecrm Application Testcases &#8212; failed (configuration methods)</th></tr><tr class="failedeven"><td rowspan="1">com.crm.qa.testcases.HomePageTest</td><td><a href="#m0">setUp</a></td><td rowspan="1">1614851476138</td><td rowspan="1">7383</td></tr><tr class="failedodd"><td rowspan="1">com.crm.qa.testcases.LoginPageTest</td><td><a href="#m1">setUp</a></td><td rowspan="1">1614851471331</td><td rowspan="1">4686</td></tr><tr><th colspan="4">freecrm Application Testcases &#8212; skipped (configuration methods)</th></tr><tr class="skippedeven"><td rowspan="5">com.crm.qa.testcases.HomePageTest</td><td><a href="#m2">setUp</a></td><td rowspan="2">1614851483533</td><td rowspan="2">-1614851483533</td></tr><tr class="skippedeven"><td><a href="#m3">setUp</a></td></tr><tr class="skippedeven"><td><a href="#m4">teardown</a></td><td rowspan="3">1614851483530</td><td rowspan="3">-1614851483530</td></tr><tr class="skippedeven"><td><a href="#m5">teardown</a></td></tr><tr class="skippedeven"><td><a href="#m6">teardown</a></td></tr><tr class="skippedodd"><td rowspan="5">com.crm.qa.testcases.LoginPageTest</td><td><a href="#m7">setUp</a></td><td rowspan="2">1614851476107</td><td rowspan="2">-1614851476107</td></tr><tr class="skippedodd"><td><a href="#m8">setUp</a></td></tr><tr class="skippedodd"><td><a href="#m9">teardown</a></td><td rowspan="3">1614851476102</td><td rowspan="3">-1614851476102</td></tr><tr class="skippedodd"><td><a href="#m10">teardown</a></td></tr><tr class="skippedodd"><td><a href="#m11">teardown</a></td></tr><tr><th colspan="4">freecrm Application Testcases &#8212; skipped</th></tr><tr class="skippedeven"><td rowspan="3">com.crm.qa.testcases.HomePageTest</td><td><a href="#m12">verifyContactsLinkTest</a></td><td rowspan="1">1614851483543</td><td rowspan="1">0</td></tr><tr class="skippedeven"><td><a href="#m13">verifyHomePageTitleTest</a></td><td rowspan="1">1614851483524</td><td rowspan="1">0</td></tr><tr class="skippedeven"><td><a href="#m14">verifyUserNameTest</a></td><td rowspan="1">1614851483535</td><td rowspan="1">0</td></tr><tr class="skippedodd"><td rowspan="3">com.crm.qa.testcases.LoginPageTest</td><td><a href="#m15">loginPageTitleTest</a></td><td rowspan="1">1614851476050</td><td rowspan="1">0</td></tr><tr class="skippedodd"><td><a href="#m16">loginTest</a></td><td rowspan="1">1614851476112</td><td rowspan="1">0</td></tr><tr class="skippedodd"><td><a href="#m17">validateCRMImage</a></td><td rowspan="1">1614851476091</td><td rowspan="1">0</td></tr></tbody>
</table>
<h2>freecrm Application Testcases</h2><h3 id="m0">com.crm.qa.testcases.HomePageTest#setUp</h3><table class="result"><tr><th>Exception</th></tr><tr><td><div class="stacktrace">java.lang.NullPointerException: Cannot invoke &quot;org.openqa.selenium.WebDriver.manage()&quot; because &quot;com.crm.qa.base.TestBase.driver&quot; is null
	at com.crm.qa.base.TestBase.Initialization(TestBase.java:56)
	at com.crm.qa.testcases.HomePageTest.setUp(HomePageTest.java:28)
	at java.base/java.util.ArrayList.forEach(ArrayList.java:1511)
... Removed 31 stack frames</div></td></tr></table><p class="totop"><a href="#summary">back to summary</a></p>
<h3 id="m1">com.crm.qa.testcases.LoginPageTest#setUp</h3><table class="result"><tr><th>Exception</th></tr><tr><td><div class="stacktrace">java.lang.NullPointerException: Cannot invoke &quot;org.openqa.selenium.WebDriver.manage()&quot; because &quot;com.crm.qa.base.TestBase.driver&quot; is null
	at com.crm.qa.base.TestBase.Initialization(TestBase.java:56)
	at com.crm.qa.testcases.LoginPageTest.setUp(LoginPageTest.java:24)
	at java.base/java.util.ArrayList.forEach(ArrayList.java:1511)
... Removed 31 stack frames</div></td></tr></table><p class="totop"><a href="#summary">back to summary</a></p>
<h3 id="m2">com.crm.qa.testcases.HomePageTest#setUp</h3><table class="result"><tr><th class="invisible"/></tr></table><p class="totop"><a href="#summary">back to summary</a></p>
<h3 id="m3">com.crm.qa.testcases.HomePageTest#setUp</h3><table class="result"><tr><th class="invisible"/></tr></table><p class="totop"><a href="#summary">back to summary</a></p>
<h3 id="m4">com.crm.qa.testcases.HomePageTest#teardown</h3><table class="result"><tr><th class="invisible"/></tr></table><p class="totop"><a href="#summary">back to summary</a></p>
<h3 id="m5">com.crm.qa.testcases.HomePageTest#teardown</h3><table class="result"><tr><th class="invisible"/></tr></table><p class="totop"><a href="#summary">back to summary</a></p>
<h3 id="m6">com.crm.qa.testcases.HomePageTest#teardown</h3><table class="result"><tr><th class="invisible"/></tr></table><p class="totop"><a href="#summary">back to summary</a></p>
<h3 id="m7">com.crm.qa.testcases.LoginPageTest#setUp</h3><table class="result"><tr><th class="invisible"/></tr></table><p class="totop"><a href="#summary">back to summary</a></p>
<h3 id="m8">com.crm.qa.testcases.LoginPageTest#setUp</h3><table class="result"><tr><th class="invisible"/></tr></table><p class="totop"><a href="#summary">back to summary</a></p>
<h3 id="m9">com.crm.qa.testcases.LoginPageTest#teardown</h3><table class="result"><tr><th class="invisible"/></tr></table><p class="totop"><a href="#summary">back to summary</a></p>
<h3 id="m10">com.crm.qa.testcases.LoginPageTest#teardown</h3><table class="result"><tr><th class="invisible"/></tr></table><p class="totop"><a href="#summary">back to summary</a></p>
<h3 id="m11">com.crm.qa.testcases.LoginPageTest#teardown</h3><table class="result"><tr><th class="invisible"/></tr></table><p class="totop"><a href="#summary">back to summary</a></p>
<h3 id="m12">com.crm.qa.testcases.HomePageTest#verifyContactsLinkTest</h3><table class="result"><tr><th>Exception</th></tr><tr><td><div class="stacktrace">java.lang.NullPointerException: Cannot invoke &quot;org.openqa.selenium.WebDriver.manage()&quot; because &quot;com.crm.qa.base.TestBase.driver&quot; is null
	at com.crm.qa.base.TestBase.Initialization(TestBase.java:56)
	at com.crm.qa.testcases.HomePageTest.setUp(HomePageTest.java:28)
	at java.base/java.util.ArrayList.forEach(ArrayList.java:1511)
... Removed 31 stack frames</div></td></tr></table><p class="totop"><a href="#summary">back to summary</a></p>
<h3 id="m13">com.crm.qa.testcases.HomePageTest#verifyHomePageTitleTest</h3><table class="result"><tr><th>Exception</th></tr><tr><td><div class="stacktrace">java.lang.NullPointerException: Cannot invoke &quot;org.openqa.selenium.WebDriver.manage()&quot; because &quot;com.crm.qa.base.TestBase.driver&quot; is null
	at com.crm.qa.base.TestBase.Initialization(TestBase.java:56)
	at com.crm.qa.testcases.HomePageTest.setUp(HomePageTest.java:28)
	at java.base/java.util.ArrayList.forEach(ArrayList.java:1511)
... Removed 31 stack frames</div></td></tr></table><p class="totop"><a href="#summary">back to summary</a></p>
<h3 id="m14">com.crm.qa.testcases.HomePageTest#verifyUserNameTest</h3><table class="result"><tr><th>Exception</th></tr><tr><td><div class="stacktrace">java.lang.NullPointerException: Cannot invoke &quot;org.openqa.selenium.WebDriver.manage()&quot; because &quot;com.crm.qa.base.TestBase.driver&quot; is null
	at com.crm.qa.base.TestBase.Initialization(TestBase.java:56)
	at com.crm.qa.testcases.HomePageTest.setUp(HomePageTest.java:28)
	at java.base/java.util.ArrayList.forEach(ArrayList.java:1511)
... Removed 31 stack frames</div></td></tr></table><p class="totop"><a href="#summary">back to summary</a></p>
<h3 id="m15">com.crm.qa.testcases.LoginPageTest#loginPageTitleTest</h3><table class="result"><tr><th>Exception</th></tr><tr><td><div class="stacktrace">java.lang.NullPointerException: Cannot invoke &quot;org.openqa.selenium.WebDriver.manage()&quot; because &quot;com.crm.qa.base.TestBase.driver&quot; is null
	at com.crm.qa.base.TestBase.Initialization(TestBase.java:56)
	at com.crm.qa.testcases.LoginPageTest.setUp(LoginPageTest.java:24)
	at java.base/java.util.ArrayList.forEach(ArrayList.java:1511)
... Removed 31 stack frames</div></td></tr></table><p class="totop"><a href="#summary">back to summary</a></p>
<h3 id="m16">com.crm.qa.testcases.LoginPageTest#loginTest</h3><table class="result"><tr><th>Exception</th></tr><tr><td><div class="stacktrace">java.lang.NullPointerException: Cannot invoke &quot;org.openqa.selenium.WebDriver.manage()&quot; because &quot;com.crm.qa.base.TestBase.driver&quot; is null
	at com.crm.qa.base.TestBase.Initialization(TestBase.java:56)
	at com.crm.qa.testcases.LoginPageTest.setUp(LoginPageTest.java:24)
	at java.base/java.util.ArrayList.forEach(ArrayList.java:1511)
... Removed 31 stack frames</div></td></tr></table><p class="totop"><a href="#summary">back to summary</a></p>
<h3 id="m17">com.crm.qa.testcases.LoginPageTest#validateCRMImage</h3><table class="result"><tr><th>Exception</th></tr><tr><td><div class="stacktrace">java.lang.NullPointerException: Cannot invoke &quot;org.openqa.selenium.WebDriver.manage()&quot; because &quot;com.crm.qa.base.TestBase.driver&quot; is null
	at com.crm.qa.base.TestBase.Initialization(TestBase.java:56)
	at com.crm.qa.testcases.LoginPageTest.setUp(LoginPageTest.java:24)
	at java.base/java.util.ArrayList.forEach(ArrayList.java:1511)
... Removed 31 stack frames</div></td></tr></table><p class="totop"><a href="#summary">back to summary</a></p>
</body>
</html>
